#
# There is insufficient memory for the Java Runtime Environment to continue.
# Native memory allocation (malloc) failed to allocate 90177536 bytes for committing reserved memory.
# Possible reasons:
#   The system is out of physical RAM or swap space
#   In 32 bit mode, the process size limit was hit
# Possible solutions:
#   Reduce memory load on the system
#   Increase physical memory or swap space
#   Check if swap backing store is full
#   Use 64 bit Java on a 64 bit OS
#   Decrease Java heap size (-Xmx/-Xms)
#   Decrease number of Java threads
#   Decrease Java thread stack sizes (-Xss)
#   Set larger code cache with -XX:ReservedCodeCacheSize=
# This output file may be truncated or incomplete.
#
#  Out of Memory Error (os_linux.cpp:2827), pid=8886, tid=140706281678592
#
# JRE version: OpenJDK Runtime Environment (7.0_95) (build 1.7.0_95-b00)
# Java VM: OpenJDK 64-Bit Server VM (24.95-b01 mixed mode linux-amd64 compressed oops)
# Derivative: IcedTea 2.6.4
# Distribution: Ubuntu 14.04 LTS, package 7u95-2.6.4-0ubuntu0.14.04.2
# Failed to write core dump. Core dumps have been disabled. To enable core dumping, try "ulimit -c unlimited" before starting Java again
#

---------------  T H R E A D  ---------------

Current thread (0x00007ff8d0076000):  VMThread [stack: 0x00007ff8bbdfe000,0x00007ff8bbeff000] [id=8906]

Stack: [0x00007ff8bbdfe000,0x00007ff8bbeff000],  sp=0x00007ff8bbefd490,  free space=1021k
Native frames: (J=compiled Java code, j=interpreted, Vv=VM code, C=native code)
V  [libjvm.so+0x953e15]
V  [libjvm.so+0x48fd94]
V  [libjvm.so+0x7cf87b]
V  [libjvm.so+0x7ca33f]
V  [libjvm.so+0x83dacb]
V  [libjvm.so+0x83e930]
V  [libjvm.so+0x83f01b]
V  [libjvm.so+0x83b258]
V  [libjvm.so+0x83bac8]
V  [libjvm.so+0x7f2083]
V  [libjvm.so+0x955814]
V  [libjvm.so+0x959917]
V  [libjvm.so+0x9583d8]
V  [libjvm.so+0x958839]
V  [libjvm.so+0x958c82]
V  [libjvm.so+0x7cc742]

VM_Operation (0x00007ff8b9592070): ParallelGCFailedAllocation, mode: safepoint, requested by thread 0x00007ff8d01a0000


---------------  P R O C E S S  ---------------

Java Threads: ( => current thread )
  0x00007ff8d01a1800 JavaThread "pool-1-thread-4" [_thread_blocked, id=8964, stack(0x00007ff8b9392000,0x00007ff8b9493000)]
  0x00007ff8d01a0000 JavaThread "pool-1-thread-3" [_thread_blocked, id=8963, stack(0x00007ff8b9493000,0x00007ff8b9594000)]
  0x00007ff8d019e800 JavaThread "pool-1-thread-2" [_thread_blocked, id=8962, stack(0x00007ff8b9594000,0x00007ff8b9695000)]
  0x00007ff8d019a000 JavaThread "pool-2-thread-1" [_thread_blocked, id=8961, stack(0x00007ff8b9695000,0x00007ff8b9796000)]
  0x00007ff8d0198800 JavaThread "pool-1-thread-1" [_thread_blocked, id=8960, stack(0x00007ff8b9796000,0x00007ff8b9897000)]
  0x00007ff8d00af000 JavaThread "Service Thread" daemon [_thread_blocked, id=8920, stack(0x00007ff8bb116000,0x00007ff8bb217000)]
  0x00007ff8d00ac800 JavaThread "C2 CompilerThread1" daemon [_thread_blocked, id=8917, stack(0x00007ff8bb217000,0x00007ff8bb318000)]
  0x00007ff8d00a9800 JavaThread "C2 CompilerThread0" daemon [_thread_blocked, id=8915, stack(0x00007ff8bb318000,0x00007ff8bb419000)]
  0x00007ff8d00a7800 JavaThread "Signal Dispatcher" daemon [_thread_blocked, id=8914, stack(0x00007ff8bb419000,0x00007ff8bb51a000)]
  0x00007ff8d007c800 JavaThread "Finalizer" daemon [_thread_blocked, id=8910, stack(0x00007ff8bbbfc000,0x00007ff8bbcfd000)]
  0x00007ff8d007a800 JavaThread "Reference Handler" daemon [_thread_blocked, id=8908, stack(0x00007ff8bbcfd000,0x00007ff8bbdfe000)]
  0x00007ff8d000a800 JavaThread "main" [_thread_blocked, id=8894, stack(0x00007ff8d65bb000,0x00007ff8d66bc000)]

Other Threads:
=>0x00007ff8d0076000 VMThread [stack: 0x00007ff8bbdfe000,0x00007ff8bbeff000] [id=8906]
  0x00007ff8d00b9800 WatcherThread [stack: 0x00007ff8bb015000,0x00007ff8bb116000] [id=8925]

VM state:at safepoint (normal execution)

VM Mutex/Monitor currently owned by a thread:  ([mutex/lock_event])
[0x00007ff8d0006ae0] Threads_lock - owner thread: 0x00007ff8d0076000
[0x00007ff8d0006fe0] Heap_lock - owner thread: 0x00007ff8d01a0000

Heap
 PSYoungGen      total 66048K, used 2529K [0x00000000eaa80000, 0x00000000eed80000, 0x0000000100000000)
  eden space 63488K, 0% used [0x00000000eaa80000,0x00000000eaa80000,0x00000000ee880000)
  from space 2560K, 98% used [0x00000000ee880000,0x00000000eeaf86f8,0x00000000eeb00000)
  to   space 2560K, 0% used [0x00000000eeb00000,0x00000000eeb00000,0x00000000eed80000)
 ParOldGen       total 41984K, used 22055K [0x00000000c0000000, 0x00000000c2900000, 0x00000000eaa80000)
  object space 41984K, 52% used [0x00000000c0000000,0x00000000c1589fd8,0x00000000c2900000)
 PSPermGen       total 21504K, used 6245K [0x00000000b5a00000, 0x00000000b6f00000, 0x00000000c0000000)
  object space 21504K, 29% used [0x00000000b5a00000,0x00000000b6019778,0x00000000b6f00000)

Card table byte_map: [0x00007ff8cbf27000,0x00007ff8cc17b000] byte_map_base: 0x00007ff8cb97a000

Polling page: 0x00007ff8d66e9000

Code Cache  [0x00007ff8cc17b000, 0x00007ff8cc3eb000, 0x00007ff8cf17b000)
 total_blobs=495 nmethods=264 adapters=184 free_code_cache=48048Kb largest_free_block=49160768

Compilation events (10 events):
Event: 10.254 Thread 0x00007ff8d00ac800 nmethod 262 0x00007ff8cc2818d0 code [0x00007ff8cc281a20, 0x00007ff8cc281ab8]
Event: 10.254 Thread 0x00007ff8d00ac800  263             com.android.dx.dex.code.CodeAddress::<init> (7 bytes)
Event: 10.255 Thread 0x00007ff8d00ac800 nmethod 263 0x00007ff8cc281610 code [0x00007ff8cc281760, 0x00007ff8cc2817f8]
Event: 10.255 Thread 0x00007ff8d00ac800  264             com.android.dx.ssa.SsaBasicBlock::forEachPhiInsn (54 bytes)
Event: 10.317 Thread 0x00007ff8d00ac800 nmethod 264 0x00007ff8cc1feed0 code [0x00007ff8cc1ff100, 0x00007ff8cc1ff9f0]
Event: 10.317 Thread 0x00007ff8d00ac800  265             com.android.dx.rop.code.CstInsn::getConstant (5 bytes)
Event: 10.318 Thread 0x00007ff8d00ac800 nmethod 265 0x00007ff8cc1fecd0 code [0x00007ff8cc1fee00, 0x00007ff8cc1fee58]
Event: 10.318 Thread 0x00007ff8d00ac800  266             com.android.dx.rop.code.RegisterSpecSet::size (49 bytes)
Event: 10.319 Thread 0x00007ff8d00ac800 nmethod 266 0x00007ff8cc2812d0 code [0x00007ff8cc281420, 0x00007ff8cc281558]
Event: 10.319 Thread 0x00007ff8d00ac800  267   !         com.android.dx.cf.code.Ropper::processBlock (1101 bytes)

GC Heap History (9 events):
Event: 4.179 GC heap before
{Heap before GC invocations=1 (full 0):
 PSYoungGen      total 18432K, used 15872K [0x00000000eaa80000, 0x00000000ebf00000, 0x0000000100000000)
  eden space 15872K, 100% used [0x00000000eaa80000,0x00000000eba00000,0x00000000eba00000)
  from space 2560K, 0% used [0x00000000ebc80000,0x00000000ebc80000,0x00000000ebf00000)
  to   space 2560K, 0% used [0x00000000eba00000,0x00000000eba00000,0x00000000ebc80000)
 ParOldGen       total 41984K, used 0K [0x00000000c0000000, 0x00000000c2900000, 0x00000000eaa80000)
  object space 41984K, 0% used [0x00000000c0000000,0x00000000c0000000,0x00000000c2900000)
 PSPermGen       total 21504K, used 4232K [0x00000000b5a00000, 0x00000000b6f00000, 0x00000000c0000000)
  object space 21504K, 19% used [0x00000000b5a00000,0x00000000b5e222b0,0x00000000b6f00000)
Event: 4.305 GC heap after
Heap after GC invocations=1 (full 0):
 PSYoungGen      total 18432K, used 1188K [0x00000000eaa80000, 0x00000000ece80000, 0x0000000100000000)
  eden space 15872K, 0% used [0x00000000eaa80000,0x00000000eaa80000,0x00000000eba00000)
  from space 2560K, 46% used [0x00000000eba00000,0x00000000ebb292b8,0x00000000ebc80000)
  to   space 2560K, 0% used [0x00000000ecc00000,0x00000000ecc00000,0x00000000ece80000)
 ParOldGen       total 41984K, used 8K [0x00000000c0000000, 0x00000000c2900000, 0x00000000eaa80000)
  object space 41984K, 0% used [0x00000000c0000000,0x00000000c0002000,0x00000000c2900000)
 PSPermGen       total 21504K, used 4232K [0x00000000b5a00000, 0x00000000b6f00000, 0x00000000c0000000)
  object space 21504K, 19% used [0x00000000b5a00000,0x00000000b5e222b0,0x00000000b6f00000)
}
Event: 4.955 GC heap before
{Heap before GC invocations=2 (full 0):
 PSYoungGen      total 18432K, used 17060K [0x00000000eaa80000, 0x00000000ece80000, 0x0000000100000000)
  eden space 15872K, 100% used [0x00000000eaa80000,0x00000000eba00000,0x00000000eba00000)
  from space 2560K, 46% used [0x00000000eba00000,0x00000000ebb292b8,0x00000000ebc80000)
  to   space 2560K, 0% used [0x00000000ecc00000,0x00000000ecc00000,0x00000000ece80000)
 ParOldGen       total 41984K, used 8K [0x00000000c0000000, 0x00000000c2900000, 0x00000000eaa80000)
  object space 41984K, 0% used [0x00000000c0000000,0x00000000c0002000,0x00000000c2900000)
 PSPermGen       total 21504K, used 5982K [0x00000000b5a00000, 0x00000000b6f00000, 0x00000000c0000000)
  object space 21504K, 27% used [0x00000000b5a00000,0x00000000b5fd7aa0,0x00000000b6f00000)
Event: 5.853 GC heap after
Heap after GC invocations=2 (full 0):
 PSYoungGen      total 34304K, used 2541K [0x00000000eaa80000, 0x00000000ece80000, 0x0000000100000000)
  eden space 31744K, 0% used [0x00000000eaa80000,0x00000000eaa80000,0x00000000ec980000)
  from space 2560K, 99% used [0x00000000ecc00000,0x00000000ece7b588,0x00000000ece80000)
  to   space 2560K, 0% used [0x00000000ec980000,0x00000000ec980000,0x00000000ecc00000)
 ParOldGen       total 41984K, used 1813K [0x00000000c0000000, 0x00000000c2900000, 0x00000000eaa80000)
  object space 41984K, 4% used [0x00000000c0000000,0x00000000c01c57d0,0x00000000c2900000)
 PSPermGen       total 21504K, used 5982K [0x00000000b5a00000, 0x00000000b6f00000, 0x00000000c0000000)
  object space 21504K, 27% used [0x00000000b5a00000,0x00000000b5fd7aa0,0x00000000b6f00000)
}
Event: 6.835 GC heap before
{Heap before GC invocations=3 (full 0):
 PSYoungGen      total 34304K, used 34285K [0x00000000eaa80000, 0x00000000ece80000, 0x0000000100000000)
  eden space 31744K, 100% used [0x00000000eaa80000,0x00000000ec980000,0x00000000ec980000)
  from space 2560K, 99% used [0x00000000ecc00000,0x00000000ece7b588,0x00000000ece80000)
  to   space 2560K, 0% used [0x00000000ec980000,0x00000000ec980000,0x00000000ecc00000)
 ParOldGen       total 41984K, used 1813K [0x00000000c0000000, 0x00000000c2900000, 0x00000000eaa80000)
  object space 41984K, 4% used [0x00000000c0000000,0x00000000c01c57d0,0x00000000c2900000)
 PSPermGen       total 21504K, used 6161K [0x00000000b5a00000, 0x00000000b6f00000, 0x00000000c0000000)
  object space 21504K, 28% used [0x00000000b5a00000,0x00000000b6004400,0x00000000b6f00000)
Event: 6.901 GC heap after
Heap after GC invocations=3 (full 0):
 PSYoungGen      total 34304K, used 2548K [0x00000000eaa80000, 0x00000000eed80000, 0x0000000100000000)
  eden space 31744K, 0% used [0x00000000eaa80000,0x00000000eaa80000,0x00000000ec980000)
  from space 2560K, 99% used [0x00000000ec980000,0x00000000ecbfd1c8,0x00000000ecc00000)
  to   space 2560K, 0% used [0x00000000eeb00000,0x00000000eeb00000,0x00000000eed80000)
 ParOldGen       total 41984K, used 7087K [0x00000000c0000000, 0x00000000c2900000, 0x00000000eaa80000)
  object space 41984K, 16% used [0x00000000c0000000,0x00000000c06ebde8,0x00000000c2900000)
 PSPermGen       total 21504K, used 6161K [0x00000000b5a00000, 0x00000000b6f00000, 0x00000000c0000000)
  object space 21504K, 28% used [0x00000000b5a00000,0x00000000b6004400,0x00000000b6f00000)
}
Event: 9.532 GC heap before
{Heap before GC invocations=4 (full 0):
 PSYoungGen      total 34304K, used 34292K [0x00000000eaa80000, 0x00000000eed80000, 0x0000000100000000)
  eden space 31744K, 100% used [0x00000000eaa80000,0x00000000ec980000,0x00000000ec980000)
  from space 2560K, 99% used [0x00000000ec980000,0x00000000ecbfd1c8,0x00000000ecc00000)
  to   space 2560K, 0% used [0x00000000eeb00000,0x00000000eeb00000,0x00000000eed80000)
 ParOldGen       total 41984K, used 7087K [0x00000000c0000000, 0x00000000c2900000, 0x00000000eaa80000)
  object space 41984K, 16% used [0x00000000c0000000,0x00000000c06ebde8,0x00000000c2900000)
 PSPermGen       total 21504K, used 6193K [0x00000000b5a00000, 0x00000000b6f00000, 0x00000000c0000000)
  object space 21504K, 28% used [0x00000000b5a00000,0x00000000b600c7e8,0x00000000b6f00000)
Event: 9.588 GC heap after
Heap after GC invocations=4 (full 0):
 PSYoungGen      total 66048K, used 2529K [0x00000000eaa80000, 0x00000000eed80000, 0x0000000100000000)
  eden space 63488K, 0% used [0x00000000eaa80000,0x00000000eaa80000,0x00000000ee880000)
  from space 2560K, 98% used [0x00000000eeb00000,0x00000000eed786f8,0x00000000eed80000)
  to   space 2560K, 0% used [0x00000000ee880000,0x00000000ee880000,0x00000000eeb00000)
 ParOldGen       total 41984K, used 11111K [0x00000000c0000000, 0x00000000c2900000, 0x00000000eaa80000)
  object space 41984K, 26% used [0x00000000c0000000,0x00000000c0ad9c60,0x00000000c2900000)
 PSPermGen       total 21504K, used 6193K [0x00000000b5a00000, 0x00000000b6f00000, 0x00000000c0000000)
  object space 21504K, 28% used [0x00000000b5a00000,0x00000000b600c7e8,0x00000000b6f00000)
}
Event: 11.877 GC heap before
{Heap before GC invocations=5 (full 0):
 PSYoungGen      total 66048K, used 66017K [0x00000000eaa80000, 0x00000000eed80000, 0x0000000100000000)
  eden space 63488K, 100% used [0x00000000eaa80000,0x00000000ee880000,0x00000000ee880000)
  from space 2560K, 98% used [0x00000000eeb00000,0x00000000eed786f8,0x00000000eed80000)
  to   space 2560K, 0% used [0x00000000ee880000,0x00000000ee880000,0x00000000eeb00000)
 ParOldGen       total 41984K, used 11111K [0x00000000c0000000, 0x00000000c2900000, 0x00000000eaa80000)
  object space 41984K, 26% used [0x00000000c0000000,0x00000000c0ad9c60,0x00000000c2900000)
 PSPermGen       total 21504K, used 6245K [0x00000000b5a00000, 0x00000000b6f00000, 0x00000000c0000000)
  object space 21504K, 29% used [0x00000000b5a00000,0x00000000b6019778,0x00000000b6f00000)

Deoptimization events (10 events):
Event: 7.144 Thread 0x00007ff8d0198800 Uncommon trap: reason=null_check action=make_not_entrant pc=0x00007ff8cc2437bc method=com.android.dx.ssa.SsaRenamer.getLocalForNewReg(I)Lcom/android/dx/rop/code/LocalItem; @ 19
Event: 7.376 Thread 0x00007ff8d000a800 Uncommon trap: reason=unstable_if action=reinterpret pc=0x00007ff8cc24e9a8 method=com.android.dx.rop.code.RegisterSpec.intersect(Lcom/android/dx/rop/code/RegisterSpec;Z)Lcom/android/dx/rop/code/RegisterSpec; @ 8
Event: 8.859 Thread 0x00007ff8d000a800 Uncommon trap: reason=unstable_if action=reinterpret pc=0x00007ff8cc207a08 method=com.android.dx.rop.code.RegisterSpec.equals(ILcom/android/dx/rop/type/TypeBearer;Lcom/android/dx/rop/code/LocalItem;)Z @ 42
Event: 9.915 Thread 0x00007ff8d000a800 Uncommon trap: reason=null_check action=make_not_entrant pc=0x00007ff8cc24cf20 method=com.android.dx.rop.type.Type.putIntern(Lcom/android/dx/rop/type/Type;)Lcom/android/dx/rop/type/Type; @ 18
Event: 10.002 Thread 0x00007ff8d01a0000 Uncommon trap: reason=unstable_if action=reinterpret pc=0x00007ff8cc27349c method=com.android.dx.rop.code.RegisterSpecSet.put(Lcom/android/dx/rop/code/RegisterSpec;)V @ 77
Event: 10.070 Thread 0x00007ff8d01a1800 Uncommon trap: reason=bimorphic action=maybe_recompile pc=0x00007ff8cc2348ac method=java.util.HashMap.put(Ljava/lang/Object;Ljava/lang/Object;)Ljava/lang/Object; @ 83
Event: 10.070 Thread 0x00007ff8d01a1800 Uncommon trap: reason=bimorphic action=maybe_recompile pc=0x00007ff8cc2348ac method=java.util.HashMap.put(Ljava/lang/Object;Ljava/lang/Object;)Ljava/lang/Object; @ 83
Event: 10.070 Thread 0x00007ff8d01a1800 Uncommon trap: reason=bimorphic action=maybe_recompile pc=0x00007ff8cc2348ac method=java.util.HashMap.put(Ljava/lang/Object;Ljava/lang/Object;)Ljava/lang/Object; @ 83
Event: 10.149 Thread 0x00007ff8d01a0000 Uncommon trap: reason=unstable_if action=reinterpret pc=0x00007ff8cc26c694 method=com.android.dx.ssa.SCCP.simulateBranch(Lcom/android/dx/ssa/SsaInsn;)V @ 64
Event: 11.485 Thread 0x00007ff8d01a0000 Uncommon trap: reason=bimorphic action=maybe_recompile pc=0x00007ff8cc2348ac method=java.util.HashMap.put(Ljava/lang/Object;Ljava/lang/Object;)Ljava/lang/Object; @ 83

Internal exceptions (10 events):
Event: 4.714 Thread 0x00007ff8d000a800 Threw 0x00000000eb1b1150 at /build/openjdk-7-HVzwJZ/openjdk-7-7u95-2.6.4/build/openjdk/hotspot/src/share/vm/prims/jvm.cpp:1322
Event: 4.734 Thread 0x00007ff8d0198800 Threw 0x00000000eb2b7f28 at /build/openjdk-7-HVzwJZ/openjdk-7-7u95-2.6.4/build/openjdk/hotspot/src/share/vm/prims/jvm.cpp:1322
Event: 4.811 Thread 0x00007ff8d019e800 Threw 0x00000000eb44cf98 at /build/openjdk-7-HVzwJZ/openjdk-7-7u95-2.6.4/build/openjdk/hotspot/src/share/vm/prims/jvm.cpp:1322
Event: 4.860 Thread 0x00007ff8d000a800 Threw 0x00000000eb602448 at /build/openjdk-7-HVzwJZ/openjdk-7-7u95-2.6.4/build/openjdk/hotspot/src/share/vm/prims/jvm.cpp:1322
Event: 6.050 Thread 0x00007ff8d01a1800 Threw 0x00000000eafdc6b8 at /build/openjdk-7-HVzwJZ/openjdk-7-7u95-2.6.4/build/openjdk/hotspot/src/share/vm/prims/jvm.cpp:1322
Event: 7.144 Thread 0x00007ff8d0198800 Implicit null exception at 0x00007ff8cc241646 to 0x00007ff8cc243789
Event: 9.904 Thread 0x00007ff8d0198800 Threw 0x00000000eade72b0 at /build/openjdk-7-HVzwJZ/openjdk-7-7u95-2.6.4/build/openjdk/hotspot/src/share/vm/prims/jvm.cpp:1322
Event: 9.915 Thread 0x00007ff8d000a800 Implicit null exception at 0x00007ff8cc24c85b to 0x00007ff8cc24cf11
Event: 9.963 Thread 0x00007ff8d000a800 Threw 0x00000000eafef8d8 at /build/openjdk-7-HVzwJZ/openjdk-7-7u95-2.6.4/build/openjdk/hotspot/src/share/vm/prims/jvm.cpp:1322
Event: 10.150 Thread 0x00007ff8d01a0000 Threw 0x00000000eb4f9000 at /build/openjdk-7-HVzwJZ/openjdk-7-7u95-2.6.4/build/openjdk/hotspot/src/share/vm/prims/jvm.cpp:1322

Events (10 events):
Event: 10.149 Thread 0x00007ff8d01a0000 Uncommon trap: trap_request=0xffffff75 fr.pc=0x00007ff8cc26c694
Event: 10.149 Thread 0x00007ff8d01a0000 DEOPT PACKING pc=0x00007ff8cc26c694 sp=0x00007ff8b9592070
Event: 10.149 Thread 0x00007ff8d01a0000 DEOPT UNPACKING pc=0x00007ff8cc1b4445 sp=0x00007ff8b9592020 mode 2
Event: 10.150 loading class 0x00007ff87c012be0
Event: 10.150 loading class 0x00007ff87c012be0 done
Event: 10.243 Thread 0x00007ff8d00ac800 flushing nmethod 0x00007ff8cc1feb10
Event: 11.485 Thread 0x00007ff8d01a0000 Uncommon trap: trap_request=0xffffffc6 fr.pc=0x00007ff8cc2348ac
Event: 11.485 Thread 0x00007ff8d01a0000 DEOPT PACKING pc=0x00007ff8cc2348ac sp=0x00007ff8b95920c0
Event: 11.485 Thread 0x00007ff8d01a0000 DEOPT UNPACKING pc=0x00007ff8cc1b4445 sp=0x00007ff8b9592088 mode 2
Event: 11.817 Executing VM operation: ParallelGCFailedAllocation


Dynamic libraries:
00400000-00401000 r-xp 00000000 08:01 8916722                            /usr/lib/jvm/java-7-openjdk-amd64/jre/bin/java
00600000-00601000 r--p 00000000 08:01 8916722                            /usr/lib/jvm/java-7-openjdk-amd64/jre/bin/java
00601000-00602000 rw-p 00001000 08:01 8916722                            /usr/lib/jvm/java-7-openjdk-amd64/jre/bin/java
00ad1000-00af2000 rw-p 00000000 00:00 0                                  [heap]
b5a00000-b6f00000 rw-p 00000000 00:00 0 
b6f00000-c0000000 rw-p 00000000 00:00 0 
c0000000-c2900000 rw-p 00000000 00:00 0 
c2900000-eaa80000 rw-p 00000000 00:00 0 
eaa80000-eed80000 rw-p 00000000 00:00 0 
f4380000-100000000 rw-p 00000000 00:00 0 
7ff87c000000-7ff87c024000 rw-p 00000000 00:00 0 
7ff87c024000-7ff880000000 ---p 00000000 00:00 0 
7ff884000000-7ff88402d000 rw-p 00000000 00:00 0 
7ff88402d000-7ff888000000 ---p 00000000 00:00 0 
7ff888000000-7ff888021000 rw-p 00000000 00:00 0 
7ff888021000-7ff88c000000 ---p 00000000 00:00 0 
7ff88c000000-7ff88c033000 rw-p 00000000 00:00 0 
7ff88c033000-7ff890000000 ---p 00000000 00:00 0 
7ff890000000-7ff890021000 rw-p 00000000 00:00 0 
7ff890021000-7ff894000000 ---p 00000000 00:00 0 
7ff894000000-7ff894021000 rw-p 00000000 00:00 0 
7ff894021000-7ff898000000 ---p 00000000 00:00 0 
7ff898000000-7ff898021000 rw-p 00000000 00:00 0 
7ff898021000-7ff89c000000 ---p 00000000 00:00 0 
7ff89c000000-7ff89d229000 rw-p 00000000 00:00 0 
7ff89d229000-7ff8a0000000 ---p 00000000 00:00 0 
7ff8a0000000-7ff8a15dd000 rw-p 00000000 00:00 0 
7ff8a15dd000-7ff8a4000000 ---p 00000000 00:00 0 
7ff8a4000000-7ff8a4021000 rw-p 00000000 00:00 0 
7ff8a4021000-7ff8a8000000 ---p 00000000 00:00 0 
7ff8a8000000-7ff8a8021000 rw-p 00000000 00:00 0 
7ff8a8021000-7ff8ac000000 ---p 00000000 00:00 0 
7ff8ac000000-7ff8ac021000 rw-p 00000000 00:00 0 
7ff8ac021000-7ff8b0000000 ---p 00000000 00:00 0 
7ff8b0000000-7ff8b0021000 rw-p 00000000 00:00 0 
7ff8b0021000-7ff8b4000000 ---p 00000000 00:00 0 
7ff8b4000000-7ff8b4021000 rw-p 00000000 00:00 0 
7ff8b4021000-7ff8b8000000 ---p 00000000 00:00 0 
7ff8b9392000-7ff8b9395000 ---p 00000000 00:00 0 
7ff8b9395000-7ff8b9493000 rw-p 00000000 00:00 0                          [stack:8964]
7ff8b9493000-7ff8b9496000 ---p 00000000 00:00 0 
7ff8b9496000-7ff8b9594000 rw-p 00000000 00:00 0                          [stack:8963]
7ff8b9594000-7ff8b9597000 ---p 00000000 00:00 0 
7ff8b9597000-7ff8b9695000 rw-p 00000000 00:00 0                          [stack:8962]
7ff8b9695000-7ff8b9698000 ---p 00000000 00:00 0 
7ff8b9698000-7ff8b9796000 rw-p 00000000 00:00 0                          [stack:8961]
7ff8b9796000-7ff8b9799000 ---p 00000000 00:00 0 
7ff8b9799000-7ff8b9897000 rw-p 00000000 00:00 0                          [stack:8960]
7ff8b9897000-7ff8b98d4000 r-xp 00000000 08:01 6039604                    /lib/x86_64-linux-gnu/libpcre.so.3.13.1
7ff8b98d4000-7ff8b9ad3000 ---p 0003d000 08:01 6039604                    /lib/x86_64-linux-gnu/libpcre.so.3.13.1
7ff8b9ad3000-7ff8b9ad4000 r--p 0003c000 08:01 6039604                    /lib/x86_64-linux-gnu/libpcre.so.3.13.1
7ff8b9ad4000-7ff8b9ad5000 rw-p 0003d000 08:01 6039604                    /lib/x86_64-linux-gnu/libpcre.so.3.13.1
7ff8b9ad5000-7ff8b9adc000 r-xp 00000000 08:01 3027787                    /usr/lib/x86_64-linux-gnu/libffi.so.6.0.1
7ff8b9adc000-7ff8b9cdb000 ---p 00007000 08:01 3027787                    /usr/lib/x86_64-linux-gnu/libffi.so.6.0.1
7ff8b9cdb000-7ff8b9cdc000 r--p 00006000 08:01 3027787                    /usr/lib/x86_64-linux-gnu/libffi.so.6.0.1
7ff8b9cdc000-7ff8b9cdd000 rw-p 00007000 08:01 3027787                    /usr/lib/x86_64-linux-gnu/libffi.so.6.0.1
7ff8b9cdd000-7ff8b9cf4000 r-xp 00000000 08:01 6029412                    /lib/x86_64-linux-gnu/libresolv-2.19.so
7ff8b9cf4000-7ff8b9ef4000 ---p 00017000 08:01 6029412                    /lib/x86_64-linux-gnu/libresolv-2.19.so
7ff8b9ef4000-7ff8b9ef5000 r--p 00017000 08:01 6029412                    /lib/x86_64-linux-gnu/libresolv-2.19.so
7ff8b9ef5000-7ff8b9ef6000 rw-p 00018000 08:01 6029412                    /lib/x86_64-linux-gnu/libresolv-2.19.so
7ff8b9ef6000-7ff8b9ef8000 rw-p 00000000 00:00 0 
7ff8b9ef8000-7ff8b9f18000 r-xp 00000000 08:01 6033643                    /lib/x86_64-linux-gnu/libselinux.so.1
7ff8b9f18000-7ff8ba117000 ---p 00020000 08:01 6033643                    /lib/x86_64-linux-gnu/libselinux.so.1
7ff8ba117000-7ff8ba118000 r--p 0001f000 08:01 6033643                    /lib/x86_64-linux-gnu/libselinux.so.1
7ff8ba118000-7ff8ba119000 rw-p 00020000 08:01 6033643                    /lib/x86_64-linux-gnu/libselinux.so.1
7ff8ba119000-7ff8ba11b000 rw-p 00000000 00:00 0 
7ff8ba11b000-7ff8ba11e000 r-xp 00000000 08:01 3022869                    /usr/lib/x86_64-linux-gnu/libgmodule-2.0.so.0.4002.0
7ff8ba11e000-7ff8ba31d000 ---p 00003000 08:01 3022869                    /usr/lib/x86_64-linux-gnu/libgmodule-2.0.so.0.4002.0
7ff8ba31d000-7ff8ba31e000 r--p 00002000 08:01 3022869                    /usr/lib/x86_64-linux-gnu/libgmodule-2.0.so.0.4002.0
7ff8ba31e000-7ff8ba31f000 rw-p 00003000 08:01 3022869                    /usr/lib/x86_64-linux-gnu/libgmodule-2.0.so.0.4002.0
7ff8ba31f000-7ff8ba425000 r-xp 00000000 08:01 6033544                    /lib/x86_64-linux-gnu/libglib-2.0.so.0.4002.0
7ff8ba425000-7ff8ba624000 ---p 00106000 08:01 6033544                    /lib/x86_64-linux-gnu/libglib-2.0.so.0.4002.0
7ff8ba624000-7ff8ba625000 r--p 00105000 08:01 6033544                    /lib/x86_64-linux-gnu/libglib-2.0.so.0.4002.0
7ff8ba625000-7ff8ba626000 rw-p 00106000 08:01 6033544                    /lib/x86_64-linux-gnu/libglib-2.0.so.0.4002.0
7ff8ba626000-7ff8ba627000 rw-p 00000000 00:00 0 
7ff8ba627000-7ff8ba676000 r-xp 00000000 08:01 3022885                    /usr/lib/x86_64-linux-gnu/libgobject-2.0.so.0.4002.0
7ff8ba676000-7ff8ba876000 ---p 0004f000 08:01 3022885                    /usr/lib/x86_64-linux-gnu/libgobject-2.0.so.0.4002.0
7ff8ba876000-7ff8ba877000 r--p 0004f000 08:01 3022885                    /usr/lib/x86_64-linux-gnu/libgobject-2.0.so.0.4002.0
7ff8ba877000-7ff8ba878000 rw-p 00050000 08:01 3022885                    /usr/lib/x86_64-linux-gnu/libgobject-2.0.so.0.4002.0
7ff8ba878000-7ff8ba9e4000 r-xp 00000000 08:01 3022857                    /usr/lib/x86_64-linux-gnu/libgio-2.0.so.0.4002.0
7ff8ba9e4000-7ff8babe3000 ---p 0016c000 08:01 3022857                    /usr/lib/x86_64-linux-gnu/libgio-2.0.so.0.4002.0
7ff8babe3000-7ff8babe7000 r--p 0016b000 08:01 3022857                    /usr/lib/x86_64-linux-gnu/libgio-2.0.so.0.4002.0
7ff8babe7000-7ff8babe9000 rw-p 0016f000 08:01 3022857                    /usr/lib/x86_64-linux-gnu/libgio-2.0.so.0.4002.0
7ff8babe9000-7ff8babeb000 rw-p 00000000 00:00 0 
7ff8babeb000-7ff8bac02000 r-xp 00000000 08:01 9572936                    /usr/lib/jvm/java-7-openjdk-amd64/jre/lib/amd64/libnet.so
7ff8bac02000-7ff8bae01000 ---p 00017000 08:01 9572936                    /usr/lib/jvm/java-7-openjdk-amd64/jre/lib/amd64/libnet.so
7ff8bae01000-7ff8bae02000 r--p 00016000 08:01 9572936                    /usr/lib/jvm/java-7-openjdk-amd64/jre/lib/amd64/libnet.so
7ff8bae02000-7ff8bae03000 rw-p 00017000 08:01 9572936                    /usr/lib/jvm/java-7-openjdk-amd64/jre/lib/amd64/libnet.so
7ff8bae03000-7ff8bae13000 r-xp 00000000 08:01 9572953                    /usr/lib/jvm/java-7-openjdk-amd64/jre/lib/amd64/libnio.so
7ff8bae13000-7ff8bb013000 ---p 00010000 08:01 9572953                    /usr/lib/jvm/java-7-openjdk-amd64/jre/lib/amd64/libnio.so
7ff8bb013000-7ff8bb014000 r--p 00010000 08:01 9572953                    /usr/lib/jvm/java-7-openjdk-amd64/jre/lib/amd64/libnio.so
7ff8bb014000-7ff8bb015000 rw-p 00011000 08:01 9572953                    /usr/lib/jvm/java-7-openjdk-amd64/jre/lib/amd64/libnio.so
7ff8bb015000-7ff8bb016000 ---p 00000000 00:00 0 
7ff8bb016000-7ff8bb116000 rw-p 00000000 00:00 0                          [stack:8925]
7ff8bb116000-7ff8bb119000 ---p 00000000 00:00 0 
7ff8bb119000-7ff8bb217000 rw-p 00000000 00:00 0                          [stack:8920]
7ff8bb217000-7ff8bb21a000 ---p 00000000 00:00 0 
7ff8bb21a000-7ff8bb318000 rw-p 00000000 00:00 0                          [stack:8917]
7ff8bb318000-7ff8bb31b000 ---p 00000000 00:00 0 
7ff8bb31b000-7ff8bb419000 rw-p 00000000 00:00 0                          [stack:8915]
7ff8bb419000-7ff8bb41c000 ---p 00000000 00:00 0 
7ff8bb41c000-7ff8bb51a000 rw-p 00000000 00:00 0                          [stack:8914]
7ff8bb51a000-7ff8bbbfc000 r--p 00000000 08:01 3021452                    /usr/lib/locale/locale-archive
7ff8bbbfc000-7ff8bbbff000 ---p 00000000 00:00 0 
7ff8bbbff000-7ff8bbcfd000 rw-p 00000000 00:00 0                          [stack:8910]
7ff8bbcfd000-7ff8bbd00000 ---p 00000000 00:00 0 
7ff8bbd00000-7ff8bbdfe000 rw-p 00000000 00:00 0                          [stack:8908]
7ff8bbdfe000-7ff8bbdff000 ---p 00000000 00:00 0 
7ff8bbdff000-7ff8bc000000 rw-p 00000000 00:00 0                          [stack:8906]
7ff8bc000000-7ff8bc021000 rw-p 00000000 00:00 0 
7ff8bc021000-7ff8c0000000 ---p 00000000 00:00 0 
7ff8c0000000-7ff8c0021000 rw-p 00000000 00:00 0 
7ff8c0021000-7ff8c4000000 ---p 00000000 00:00 0 
7ff8c4000000-7ff8c4021000 rw-p 00000000 00:00 0 
7ff8c4021000-7ff8c8000000 ---p 00000000 00:00 0 
7ff8c804d000-7ff8c807e000 rw-p 00000000 00:00 0 
7ff8c80a7000-7ff8c80bd000 r--s 000f1000 08:01 1180227                    /home/jan/AndroidStudioProjects/MyFirstApp/app/build/intermediates/exploded-aar/com.android.support/support-v4/23.3.0/jars/classes.jar
7ff8c80bd000-7ff8c80cc000 r--s 000df000 08:01 15600362                   /home/jan/Android/Sdk/build-tools/23.0.2/lib/dx.jar
7ff8c80cc000-7ff8c8fc8000 rw-p 00000000 00:00 0 
7ff8c8fc8000-7ff8c9179000 r--s 01d30000 08:01 9048817                    /usr/lib/jvm/java-7-openjdk-amd64/jre/lib/rt.jar
7ff8c9179000-7ff8cb9cd000 rw-p 00000000 00:00 0 
7ff8cb9cd000-7ff8cb9ce000 ---p 00000000 00:00 0 
7ff8cb9ce000-7ff8cbace000 rw-p 00000000 00:00 0                          [stack:8898]
7ff8cbace000-7ff8cbacf000 ---p 00000000 00:00 0 
7ff8cbacf000-7ff8cbbcf000 rw-p 00000000 00:00 0                          [stack:8897]
7ff8cbbcf000-7ff8cbbd0000 ---p 00000000 00:00 0 
7ff8cbbd0000-7ff8cbcd0000 rw-p 00000000 00:00 0                          [stack:8896]
7ff8cbcd0000-7ff8cbcd1000 ---p 00000000 00:00 0 
7ff8cbcd1000-7ff8cbde6000 rw-p 00000000 00:00 0                          [stack:8895]
7ff8cbde6000-7ff8cbf27000 rw-p 00000000 00:00 0 
7ff8cbf27000-7ff8cbf32000 rw-p 00000000 00:00 0 
7ff8cbf32000-7ff8cbf7a000 rw-p 00000000 00:00 0 
7ff8cbf7a000-7ff8cbf8f000 rw-p 00000000 00:00 0 
7ff8cbf8f000-7ff8cc0cf000 rw-p 00000000 00:00 0 
7ff8cc0cf000-7ff8cc0f1000 rw-p 00000000 00:00 0 
7ff8cc0f1000-7ff8cc17a000 rw-p 00000000 00:00 0 
7ff8cc17a000-7ff8cc17b000 rw-p 00000000 00:00 0 
7ff8cc17b000-7ff8cc3eb000 rwxp 00000000 00:00 0 
7ff8cc3eb000-7ff8cf17b000 rw-p 00000000 00:00 0 
7ff8cf17b000-7ff8cf183000 r-xp 00000000 08:01 9572939                    /usr/lib/jvm/java-7-openjdk-amd64/jre/lib/amd64/libzip.so
7ff8cf183000-7ff8cf382000 ---p 00008000 08:01 9572939                    /usr/lib/jvm/java-7-openjdk-amd64/jre/lib/amd64/libzip.so
7ff8cf382000-7ff8cf383000 r--p 00007000 08:01 9572939                    /usr/lib/jvm/java-7-openjdk-amd64/jre/lib/amd64/libzip.so
7ff8cf383000-7ff8cf384000 rw-p 00008000 08:01 9572939                    /usr/lib/jvm/java-7-openjdk-amd64/jre/lib/amd64/libzip.so
7ff8cf384000-7ff8cf38f000 r-xp 00000000 08:01 6034387                    /lib/x86_64-linux-gnu/libnss_files-2.19.so
7ff8cf38f000-7ff8cf58e000 ---p 0000b000 08:01 6034387                    /lib/x86_64-linux-gnu/libnss_files-2.19.so
7ff8cf58e000-7ff8cf58f000 r--p 0000a000 08:01 6034387                    /lib/x86_64-linux-gnu/libnss_files-2.19.so
7ff8cf58f000-7ff8cf590000 rw-p 0000b000 08:01 6034387                    /lib/x86_64-linux-gnu/libnss_files-2.19.so
7ff8cf590000-7ff8cf59b000 r-xp 00000000 08:01 6034379                    /lib/x86_64-linux-gnu/libnss_nis-2.19.so
7ff8cf59b000-7ff8cf79a000 ---p 0000b000 08:01 6034379                    /lib/x86_64-linux-gnu/libnss_nis-2.19.so
7ff8cf79a000-7ff8cf79b000 r--p 0000a000 08:01 6034379                    /lib/x86_64-linux-gnu/libnss_nis-2.19.so
7ff8cf79b000-7ff8cf79c000 rw-p 0000b000 08:01 6034379                    /lib/x86_64-linux-gnu/libnss_nis-2.19.so
7ff8cf79c000-7ff8cf7b3000 r-xp 00000000 08:01 6030346                    /lib/x86_64-linux-gnu/libnsl-2.19.so
7ff8cf7b3000-7ff8cf9b2000 ---p 00017000 08:01 6030346                    /lib/x86_64-linux-gnu/libnsl-2.19.so
7ff8cf9b2000-7ff8cf9b3000 r--p 00016000 08:01 6030346                    /lib/x86_64-linux-gnu/libnsl-2.19.so
7ff8cf9b3000-7ff8cf9b4000 rw-p 00017000 08:01 6030346                    /lib/x86_64-linux-gnu/libnsl-2.19.so
7ff8cf9b4000-7ff8cf9b6000 rw-p 00000000 00:00 0 
7ff8cf9b6000-7ff8cf9bf000 r-xp 00000000 08:01 6030345                    /lib/x86_64-linux-gnu/libnss_compat-2.19.so
7ff8cf9bf000-7ff8cfbbe000 ---p 00009000 08:01 6030345                    /lib/x86_64-linux-gnu/libnss_compat-2.19.so
7ff8cfbbe000-7ff8cfbbf000 r--p 00008000 08:01 6030345                    /lib/x86_64-linux-gnu/libnss_compat-2.19.so
7ff8cfbbf000-7ff8cfbc0000 rw-p 00009000 08:01 6030345                    /lib/x86_64-linux-gnu/libnss_compat-2.19.so
7ff8cfbc0000-7ff8cfbeb000 r-xp 00000000 08:01 9572927                    /usr/lib/jvm/java-7-openjdk-amd64/jre/lib/amd64/libjava.so
7ff8cfbeb000-7ff8cfdeb000 ---p 0002b000 08:01 9572927                    /usr/lib/jvm/java-7-openjdk-amd64/jre/lib/amd64/libjava.so
7ff8cfdeb000-7ff8cfdec000 r--p 0002b000 08:01 9572927                    /usr/lib/jvm/java-7-openjdk-amd64/jre/lib/amd64/libjava.so
7ff8cfdec000-7ff8cfdee000 rw-p 0002c000 08:01 9572927                    /usr/lib/jvm/java-7-openjdk-amd64/jre/lib/amd64/libjava.so
7ff8cfdee000-7ff8cfdfe000 r-xp 00000000 08:01 9572928                    /usr/lib/jvm/java-7-openjdk-amd64/jre/lib/amd64/libverify.so
7ff8cfdfe000-7ff8cfffd000 ---p 00010000 08:01 9572928                    /usr/lib/jvm/java-7-openjdk-amd64/jre/lib/amd64/libverify.so
7ff8cfffd000-7ff8cffff000 r--p 0000f000 08:01 9572928                    /usr/lib/jvm/java-7-openjdk-amd64/jre/lib/amd64/libverify.so
7ff8cffff000-7ff8d0000000 rw-p 00011000 08:01 9572928                    /usr/lib/jvm/java-7-openjdk-amd64/jre/lib/amd64/libverify.so
7ff8d0000000-7ff8d01cb000 rw-p 00000000 00:00 0 
7ff8d01cb000-7ff8d4000000 ---p 00000000 00:00 0 
7ff8d400a000-7ff8d403d000 rw-p 00000000 00:00 0 
7ff8d403d000-7ff8d4085000 rw-p 00000000 00:00 0 
7ff8d4085000-7ff8d408c000 r-xp 00000000 08:01 6034383                    /lib/x86_64-linux-gnu/librt-2.19.so
7ff8d408c000-7ff8d428b000 ---p 00007000 08:01 6034383                    /lib/x86_64-linux-gnu/librt-2.19.so
7ff8d428b000-7ff8d428c000 r--p 00006000 08:01 6034383                    /lib/x86_64-linux-gnu/librt-2.19.so
7ff8d428c000-7ff8d428d000 rw-p 00007000 08:01 6034383                    /lib/x86_64-linux-gnu/librt-2.19.so
7ff8d428d000-7ff8d42a3000 r-xp 00000000 08:01 6036843                    /lib/x86_64-linux-gnu/libgcc_s.so.1
7ff8d42a3000-7ff8d44a2000 ---p 00016000 08:01 6036843                    /lib/x86_64-linux-gnu/libgcc_s.so.1
7ff8d44a2000-7ff8d44a3000 rw-p 00015000 08:01 6036843                    /lib/x86_64-linux-gnu/libgcc_s.so.1
7ff8d44a3000-7ff8d45a8000 r-xp 00000000 08:01 6030330                    /lib/x86_64-linux-gnu/libm-2.19.so
7ff8d45a8000-7ff8d47a7000 ---p 00105000 08:01 6030330                    /lib/x86_64-linux-gnu/libm-2.19.so
7ff8d47a7000-7ff8d47a8000 r--p 00104000 08:01 6030330                    /lib/x86_64-linux-gnu/libm-2.19.so
7ff8d47a8000-7ff8d47a9000 rw-p 00105000 08:01 6030330                    /lib/x86_64-linux-gnu/libm-2.19.so
7ff8d47a9000-7ff8d488f000 r-xp 00000000 08:01 3015007                    /usr/lib/x86_64-linux-gnu/libstdc++.so.6.0.19
7ff8d488f000-7ff8d4a8e000 ---p 000e6000 08:01 3015007                    /usr/lib/x86_64-linux-gnu/libstdc++.so.6.0.19
7ff8d4a8e000-7ff8d4a96000 r--p 000e5000 08:01 3015007                    /usr/lib/x86_64-linux-gnu/libstdc++.so.6.0.19
7ff8d4a96000-7ff8d4a98000 rw-p 000ed000 08:01 3015007                    /usr/lib/x86_64-linux-gnu/libstdc++.so.6.0.19
7ff8d4a98000-7ff8d4aad000 rw-p 00000000 00:00 0 
7ff8d4aad000-7ff8d55d1000 r-xp 00000000 08:01 9703791                    /usr/lib/jvm/java-7-openjdk-amd64/jre/lib/amd64/server/libjvm.so
7ff8d55d1000-7ff8d57d1000 ---p 00b24000 08:01 9703791                    /usr/lib/jvm/java-7-openjdk-amd64/jre/lib/amd64/server/libjvm.so
7ff8d57d1000-7ff8d586b000 r--p 00b24000 08:01 9703791                    /usr/lib/jvm/java-7-openjdk-amd64/jre/lib/amd64/server/libjvm.so
7ff8d586b000-7ff8d588e000 rw-p 00bbe000 08:01 9703791                    /usr/lib/jvm/java-7-openjdk-amd64/jre/lib/amd64/server/libjvm.so
7ff8d588e000-7ff8d58bc000 rw-p 00000000 00:00 0 
7ff8d58bc000-7ff8d58d4000 r-xp 00000000 08:01 6033676                    /lib/x86_64-linux-gnu/libz.so.1.2.8
7ff8d58d4000-7ff8d5ad3000 ---p 00018000 08:01 6033676                    /lib/x86_64-linux-gnu/libz.so.1.2.8
7ff8d5ad3000-7ff8d5ad4000 r--p 00017000 08:01 6033676                    /lib/x86_64-linux-gnu/libz.so.1.2.8
7ff8d5ad4000-7ff8d5ad5000 rw-p 00018000 08:01 6033676                    /lib/x86_64-linux-gnu/libz.so.1.2.8
7ff8d5ad5000-7ff8d5aee000 r-xp 00000000 08:01 6033484                    /lib/x86_64-linux-gnu/libpthread-2.19.so
7ff8d5aee000-7ff8d5ced000 ---p 00019000 08:01 6033484                    /lib/x86_64-linux-gnu/libpthread-2.19.so
7ff8d5ced000-7ff8d5cee000 r--p 00018000 08:01 6033484                    /lib/x86_64-linux-gnu/libpthread-2.19.so
7ff8d5cee000-7ff8d5cef000 rw-p 00019000 08:01 6033484                    /lib/x86_64-linux-gnu/libpthread-2.19.so
7ff8d5cef000-7ff8d5cf3000 rw-p 00000000 00:00 0 
7ff8d5cf3000-7ff8d5cf6000 r-xp 00000000 08:01 6030342                    /lib/x86_64-linux-gnu/libdl-2.19.so
7ff8d5cf6000-7ff8d5ef5000 ---p 00003000 08:01 6030342                    /lib/x86_64-linux-gnu/libdl-2.19.so
7ff8d5ef5000-7ff8d5ef6000 r--p 00002000 08:01 6030342                    /lib/x86_64-linux-gnu/libdl-2.19.so
7ff8d5ef6000-7ff8d5ef7000 rw-p 00003000 08:01 6030342                    /lib/x86_64-linux-gnu/libdl-2.19.so
7ff8d5ef7000-7ff8d60b2000 r-xp 00000000 08:01 6034384                    /lib/x86_64-linux-gnu/libc-2.19.so
7ff8d60b2000-7ff8d62b1000 ---p 001bb000 08:01 6034384                    /lib/x86_64-linux-gnu/libc-2.19.so
7ff8d62b1000-7ff8d62b5000 r--p 001ba000 08:01 6034384                    /lib/x86_64-linux-gnu/libc-2.19.so
7ff8d62b5000-7ff8d62b7000 rw-p 001be000 08:01 6034384                    /lib/x86_64-linux-gnu/libc-2.19.so
7ff8d62b7000-7ff8d62bc000 rw-p 00000000 00:00 0 
7ff8d62bc000-7ff8d62c9000 r-xp 00000000 08:01 9703794                    /usr/lib/jvm/java-7-openjdk-amd64/jre/lib/amd64/jli/libjli.so
7ff8d62c9000-7ff8d64c8000 ---p 0000d000 08:01 9703794                    /usr/lib/jvm/java-7-openjdk-amd64/jre/lib/amd64/jli/libjli.so
7ff8d64c8000-7ff8d64c9000 r--p 0000c000 08:01 9703794                    /usr/lib/jvm/java-7-openjdk-amd64/jre/lib/amd64/jli/libjli.so
7ff8d64c9000-7ff8d64ca000 rw-p 0000d000 08:01 9703794                    /usr/lib/jvm/java-7-openjdk-amd64/jre/lib/amd64/jli/libjli.so
7ff8d64ca000-7ff8d64ed000 r-xp 00000000 08:01 6033532                    /lib/x86_64-linux-gnu/ld-2.19.so
7ff8d64ed000-7ff8d64ee000 rw-p 00000000 00:00 0 
7ff8d64ee000-7ff8d64f0000 r--s 00012000 08:01 9313155                    /usr/lib/jvm/java-7-openjdk-amd64/jre/lib/ext/zipfs.jar
7ff8d64f0000-7ff8d64f4000 r--s 00085000 08:01 9314189                    /usr/lib/jvm/java-7-openjdk-amd64/jre/lib/ext/localedata.jar
7ff8d64f4000-7ff8d64f8000 r--s 0003c000 08:01 9314190                    /usr/lib/jvm/java-7-openjdk-amd64/jre/lib/ext/sunpkcs11.jar
7ff8d64f8000-7ff8d64fb000 r--s 0000f000 08:01 9314188                    /usr/lib/jvm/java-7-openjdk-amd64/jre/lib/ext/icedtea-sound.jar
7ff8d64fb000-7ff8d6505000 rw-p 00000000 00:00 0 
7ff8d6505000-7ff8d65bb000 rw-p 00000000 00:00 0 
7ff8d65bb000-7ff8d65be000 ---p 00000000 00:00 0 
7ff8d65be000-7ff8d66c1000 rw-p 00000000 00:00 0                          [stack:8894]
7ff8d66c1000-7ff8d66c3000 r--s 00006000 08:01 3411040                    /usr/share/java/java-atk-wrapper.jar
7ff8d66c3000-7ff8d66c4000 r--s 00002000 08:01 9313153                    /usr/lib/jvm/java-7-openjdk-amd64/jre/lib/ext/dnsns.jar
7ff8d66c4000-7ff8d66c8000 r--s 00034000 08:01 9314186                    /usr/lib/jvm/java-7-openjdk-amd64/jre/lib/ext/sunjce_provider.jar
7ff8d66c8000-7ff8d66e0000 rw-p 00000000 00:00 0 
7ff8d66e0000-7ff8d66e8000 rw-s 00000000 08:01 1572988                    /tmp/hsperfdata_jan/8886
7ff8d66e8000-7ff8d66e9000 rw-p 00000000 00:00 0 
7ff8d66e9000-7ff8d66ea000 ---p 00000000 00:00 0 
7ff8d66ea000-7ff8d66ec000 rw-p 00000000 00:00 0 
7ff8d66ec000-7ff8d66ed000 r--p 00022000 08:01 6033532                    /lib/x86_64-linux-gnu/ld-2.19.so
7ff8d66ed000-7ff8d66ee000 rw-p 00023000 08:01 6033532                    /lib/x86_64-linux-gnu/ld-2.19.so
7ff8d66ee000-7ff8d66ef000 rw-p 00000000 00:00 0 
7fff4333b000-7fff4335d000 rw-p 00000000 00:00 0                          [stack]
7fff4337d000-7fff4337f000 r--p 00000000 00:00 0                          [vvar]
7fff4337f000-7fff43381000 r-xp 00000000 00:00 0                          [vdso]
ffffffffff600000-ffffffffff601000 r-xp 00000000 00:00 0                  [vsyscall]

VM Arguments:
jvm_args: -Djava.awt.headless=true -Xmx1024M -Dfile.encoding=UTF-8 -Duser.country=US -Duser.language=en -Duser.variant 
java_command: com.android.dx.command.Main --dex --force-jumbo --num-threads=4 --output /home/jan/AndroidStudioProjects/MyFirstApp/app/build/intermediates/pre-dexed/debug/com.android.support-support-v4-23.3.0_655c6ec1441ba8e5a6bbabeb9cb4ce86e5832f23.jar /home/jan/AndroidStudioProjects/MyFirstApp/app/build/intermediates/exploded-aar/com.android.support/support-v4/23.3.0/jars/classes.jar
Launcher Type: SUN_STANDARD

Environment Variables:
PATH=/opt/ros/indigo/bin:/opt/android-studio/bin:/home/jan/scripts:/home/jan/arduino-1.6.5-r5:/opt/android-studio/bin:/usr/local/sbin:/usr/local/bin:/usr/sbin:/usr/bin:/sbin:/bin:/usr/games:/usr/local/games:/home/jan/google_appengine/:/home/jan/android-sdk-linux/tools:/home/jan/android-sdk-linux/platform-tools
LD_LIBRARY_PATH=/opt/android-studio/bin:/opt/ros/indigo/lib:/opt/ros/indigo/lib/x86_64-linux-gnu
SHELL=/bin/bash
DISPLAY=:0

Signal Handlers:
SIGSEGV: [libjvm.so+0x9548f0], sa_mask[0]=0x7ffbfeff, sa_flags=0x10000004
SIGBUS: [libjvm.so+0x9548f0], sa_mask[0]=0x7ffbfeff, sa_flags=0x10000004
SIGFPE: [libjvm.so+0x7cb0b0], sa_mask[0]=0x7ffbfeff, sa_flags=0x10000004
SIGPIPE: [libjvm.so+0x7cb0b0], sa_mask[0]=0x7ffbfeff, sa_flags=0x10000004
SIGXFSZ: [libjvm.so+0x7cb0b0], sa_mask[0]=0x7ffbfeff, sa_flags=0x10000004
SIGILL: [libjvm.so+0x7cb0b0], sa_mask[0]=0x7ffbfeff, sa_flags=0x10000004
SIGUSR1: SIG_DFL, sa_mask[0]=0x00000000, sa_flags=0x00000000
SIGUSR2: [libjvm.so+0x7caf50], sa_mask[0]=0x00000004, sa_flags=0x10000004
SIGHUP: [libjvm.so+0x7cb130], sa_mask[0]=0x7ffbfeff, sa_flags=0x10000004
SIGINT: [libjvm.so+0x7cb130], sa_mask[0]=0x7ffbfeff, sa_flags=0x10000004
SIGTERM: [libjvm.so+0x7cb130], sa_mask[0]=0x7ffbfeff, sa_flags=0x10000004
SIGQUIT: [libjvm.so+0x7cb130], sa_mask[0]=0x7ffbfeff, sa_flags=0x10000004
SIGTRAP: SIG_DFL, sa_mask[0]=0x00000000, sa_flags=0x00000000


---------------  S Y S T E M  ---------------

OS:Ubuntu 14.04 (trusty)
uname:Linux 3.19.0-58-generic #64~14.04.1-Ubuntu SMP Fri Mar 18 19:05:43 UTC 2016 x86_64
libc:glibc 2.19 NPTL 2.19 
rlimit: STACK 8192k, CORE 0k, NPROC 15661, NOFILE 4096, AS infinity
load average:15.32 4.16 1.98

/proc/meminfo:
MemTotal:        4030636 kB
MemFree:          106256 kB
MemAvailable:      47672 kB
Buffers:             308 kB
Cached:            97180 kB
SwapCached:         6176 kB
Active:          2410000 kB
Inactive:         906332 kB
Active(anon):    2404824 kB
Inactive(anon):   893484 kB
Active(file):       5176 kB
Inactive(file):    12848 kB
Unevictable:          64 kB
Mlocked:              64 kB
SwapTotal:       1046524 kB
SwapFree:              0 kB
Dirty:               184 kB
Writeback:             0 kB
AnonPages:       3214524 kB
Mapped:            73108 kB
Shmem:             79320 kB
Slab:              92948 kB
SReclaimable:      33740 kB
SUnreclaim:        59208 kB
KernelStack:       15104 kB
PageTables:        62032 kB
NFS_Unstable:          0 kB
Bounce:                0 kB
WritebackTmp:          0 kB
CommitLimit:     3061840 kB
Committed_AS:   10725796 kB
VmallocTotal:   34359738367 kB
VmallocUsed:      183976 kB
VmallocChunk:   34359479288 kB
HardwareCorrupted:     0 kB
AnonHugePages:   1642496 kB
CmaTotal:              0 kB
CmaFree:               0 kB
HugePages_Total:       0
HugePages_Free:        0
HugePages_Rsvd:        0
HugePages_Surp:        0
Hugepagesize:       2048 kB
DirectMap4k:      276288 kB
DirectMap2M:     3917824 kB
DirectMap1G:     2097152 kB


CPU:total 4 (1 cores per cpu, 1 threads per core) family 6 model 60 stepping 3, cmov, cx8, fxsr, mmx, sse, sse2, sse3, ssse3, sse4.1, sse4.2, popcnt, avx, avx2, aes, erms, tsc, tscinvbit

/proc/cpuinfo:
processor	: 0
vendor_id	: GenuineIntel
cpu family	: 6
model		: 60
model name	: Intel(R) Core(TM) i7-4810MQ CPU @ 2.80GHz
stepping	: 3
microcode	: 0x1c
cpu MHz		: 2793.680
cache size	: 6144 KB
physical id	: 0
siblings	: 1
core id		: 0
cpu cores	: 1
apicid		: 0
initial apicid	: 0
fpu		: yes
fpu_exception	: yes
cpuid level	: 13
wp		: yes
flags		: fpu vme de pse tsc msr pae mce cx8 apic sep mtrr pge mca cmov pat pse36 clflush dts mmx fxsr sse sse2 ss syscall nx pdpe1gb rdtscp lm constant_tsc arch_perfmon pebs bts nopl xtopology tsc_reliable nonstop_tsc aperfmperf eagerfpu pni pclmulqdq vmx ssse3 fma cx16 pcid sse4_1 sse4_2 x2apic movbe popcnt tsc_deadline_timer aes xsave avx f16c rdrand hypervisor lahf_lm abm ida arat epb pln pts dtherm tpr_shadow vnmi ept vpid fsgsbase tsc_adjust bmi1 avx2 smep bmi2 invpcid xsaveopt
bugs		:
bogomips	: 5587.36
clflush size	: 64
cache_alignment	: 64
address sizes	: 42 bits physical, 48 bits virtual
power management:

processor	: 1
vendor_id	: GenuineIntel
cpu family	: 6
model		: 60
model name	: Intel(R) Core(TM) i7-4810MQ CPU @ 2.80GHz
stepping	: 3
microcode	: 0x1c
cpu MHz		: 2793.680
cache size	: 6144 KB
physical id	: 2
siblings	: 1
core id		: 0
cpu cores	: 1
apicid		: 2
initial apicid	: 2
fpu		: yes
fpu_exception	: yes
cpuid level	: 13
wp		: yes
flags		: fpu vme de pse tsc msr pae mce cx8 apic sep mtrr pge mca cmov pat pse36 clflush dts mmx fxsr sse sse2 ss syscall nx pdpe1gb rdtscp lm constant_tsc arch_perfmon pebs bts nopl xtopology tsc_reliable nonstop_tsc aperfmperf eagerfpu pni pclmulqdq vmx ssse3 fma cx16 pcid sse4_1 sse4_2 x2apic movbe popcnt tsc_deadline_timer aes xsave avx f16c rdrand hypervisor lahf_lm abm ida arat epb pln pts dtherm tpr_shadow vnmi ept vpid fsgsbase tsc_adjust bmi1 avx2 smep bmi2 invpcid xsaveopt
bugs		:
bogomips	: 5587.36
clflush size	: 64
cache_alignment	: 64
address sizes	: 42 bits physical, 48 bits virtual
power management:

processor	: 2
vendor_id	: GenuineIntel
cpu family	: 6
model		: 60
model name	: Intel(R) Core(TM) i7-4810MQ CPU @ 2.80GHz
stepping	: 3
microcode	: 0x1c
cpu MHz		: 2793.680
cache size	: 6144 KB
physical id	: 4
siblings	: 1
core id		: 0
cpu cores	: 1
apicid		: 4
initial apicid	: 4
fpu		: yes
fpu_exception	: yes
cpuid level	: 13
wp		: yes
flags		: fpu vme de pse tsc msr pae mce cx8 apic sep mtrr pge mca cmov pat pse36 clflush dts mmx fxsr sse sse2 ss syscall nx pdpe1gb rdtscp lm constant_tsc arch_perfmon pebs bts nopl xtopology tsc_reliable nonstop_tsc aperfmperf eagerfpu pni pclmulqdq vmx ssse3 fma cx16 pcid sse4_1 sse4_2 x2apic movbe popcnt tsc_deadline_timer aes xsave avx f16c rdrand hypervisor lahf_lm abm ida arat epb pln pts dtherm tpr_shadow vnmi ept vpid fsgsbase tsc_adjust bmi1 avx2 smep bmi2 invpcid xsaveopt
bugs		:
bogomips	: 5587.36
clflush size	: 64
cache_alignment	: 64
address sizes	: 42 bits physical, 48 bits virtual
power management:

processor	: 3
vendor_id	: GenuineIntel
cpu family	: 6
model		: 60
model name	: Intel(R) Core(TM) i7-4810MQ CPU @ 2.80GHz
stepping	: 3
microcode	: 0x1c
cpu MHz		: 2793.680
cache size	: 6144 KB
physical id	: 6
siblings	: 1
core id		: 0
cpu cores	: 1
apicid		: 6
initial apicid	: 6
fpu		: yes
fpu_exception	: yes
cpuid level	: 13
wp		: yes
flags		: fpu vme de pse tsc msr pae mce cx8 apic sep mtrr pge mca cmov pat pse36 clflush dts mmx fxsr sse sse2 ss syscall nx pdpe1gb rdtscp lm constant_tsc arch_perfmon pebs bts nopl xtopology tsc_reliable nonstop_tsc aperfmperf eagerfpu pni pclmulqdq vmx ssse3 fma cx16 pcid sse4_1 sse4_2 x2apic movbe popcnt tsc_deadline_timer aes xsave avx f16c rdrand hypervisor lahf_lm abm ida arat epb pln pts dtherm tpr_shadow vnmi ept vpid fsgsbase tsc_adjust bmi1 avx2 smep bmi2 invpcid xsaveopt
bugs		:
bogomips	: 5587.36
clflush size	: 64
cache_alignment	: 64
address sizes	: 42 bits physical, 48 bits virtual
power management:



Memory: 4k page, physical 4030636k(103760k free), swap 1046524k(0k free)

vm_info: OpenJDK 64-Bit Server VM (24.95-b01) for linux-amd64 JRE (1.7.0_95-b00), built on Mar 24 2016 06:13:32 by "buildd" with gcc 4.8.2

time: Sun May  8 22:55:09 2016
elapsed time: 33 seconds

